2015-04-07 18:49:26 [-][-][-][error][yii\base\ErrorException:32] exception 'yii\base\ErrorException' with message 'PHP Startup: Unable to load dynamic library 'W:/modules/php/PHP-5.5/ext/php_imagick.dll' - Не найден указанный модуль.
' in Unknown:0
Stack trace:
#0 {main}
2015-04-07 18:49:18 [-][-][-][info][application] $_SERVER = [
    'ALLUSERSPROFILE' => 'C:\\ProgramData'
    'APPDATA' => 'C:\\Users\\user\\AppData\\Roaming'
    'CommonProgramFiles' => 'C:\\Program Files (x86)\\Common Files'
    'CommonProgramFiles(x86)' => 'C:\\Program Files (x86)\\Common Files'
    'CommonProgramW6432' => 'C:\\Program Files\\Common Files'
    'COMPUTERNAME' => 'KDMYTRUK'
    'ComSpec' => 'C:\\Windows\\system32\\cmd.exe'
    'configsetroot' => 'C:\\Windows\\ConfigSetRoot'
    'FP_NO_HOST_CHECK' => 'NO'
    'HerokuPath' => 'C:\\Program Files (x86)\\Heroku'
    'HOMEDRIVE' => 'C:'
    'HOMEPATH' => '\\Users\\user'
    'JAVA_HOME' => 'C:\\Program Files\\Java\\jdk1.7.0_03\\bin'
    'LOCALAPPDATA' => 'C:\\Users\\user\\AppData\\Local'
    'LOGONSERVER' => '\\\\KDMYTRUK'
    'M2_HOME' => 'D:\\mvn'
    'MOZ_PLUGIN_PATH' => 'D:\\Program Files (x86)\\Foxit Software\\Foxit Reader\\plugins\\'
    'NUMBER_OF_PROCESSORS' => '4'
    'OS' => 'Windows_NT'
    'Path' => 'C:\\Python3.4\\;C:\\Python3.4\\Scripts;D:\\open server 5.1\\OpenServer\\modules\\php\\PHP-5.5;C:\\ProgramData\\ComposerSetup\\bin;C:\\bin;C:\\Program Files (x86)\\NVIDIA Corporation\\PhysX\\Common;C:\\Ruby193\\bin;C:\\Program Files\\Common Files\\Microsoft Shared\\Windows Live;C:\\Program Files (x86)\\Common Files\\Microsoft Shared\\Windows Live;C:\\Windows\\system32;C:\\Windows;C:\\Windows\\System32\\Wbem;C:\\Windows\\System32\\WindowsPowerShell\\v1.0\\;C:\\Program Files (x86)\\Windows Live\\Shared;C:\\opscode\\chef\\bin;C:\\opscode\\chef\\\\embedded\\bin;C:\\Program Files\\Java\\jdk1.7.0_03\\bin;C:\\Program Files\\TortoiseHg\\;C:\\Program Files (x86)\\Common Files\\Acronis\\SnapAPI\\;D:\\mvn\\bin;L:\\home\\otdyh;L:\\home\\otdyh24\\www;D:\\Program Files\\nodejs\\;C:\\Program Files\\cURL\\bin;D:\\Program Files (x86)\\Heroku\\bin;C:\\Program Files (x86)\\git\\cmd;C:\\Program Files (x86)\\Heroku\\bin;C:\\Program Files (x86)\\Skype\\Phone\\;C:\\Users\\user\\AppData\\Roaming\\npm'
    'PATHEXT' => '.COM;.EXE;.BAT;.CMD;.VBS;.VBE;.JS;.JSE;.WSF;.WSH;.MSC;.RB;.RBW;.PY'
    'PHPRC' => 'D:\\open server 5.1\\OpenServer\\modules\\php\\PHP-5.5'
    'PHP_COMMAND' => 'php.exe'
    'PROCESSOR_ARCHITECTURE' => 'x86'
    'PROCESSOR_ARCHITEW6432' => 'AMD64'
    'PROCESSOR_IDENTIFIER' => 'Intel64 Family 6 Model 42 Stepping 7, GenuineIntel'
    'PROCESSOR_LEVEL' => '6'
    'PROCESSOR_REVISION' => '2a07'
    'ProgramData' => 'C:\\ProgramData'
    'ProgramFiles' => 'C:\\Program Files (x86)'
    'ProgramFiles(x86)' => 'C:\\Program Files (x86)'
    'ProgramW6432' => 'C:\\Program Files'
    'PROMPT' => '$P$G'
    'PSModulePath' => 'C:\\Windows\\system32\\WindowsPowerShell\\v1.0\\Modules\\'
    'PUBLIC' => 'C:\\Users\\Public'
    'SESSIONNAME' => 'Console'
    'SystemDrive' => 'C:'
    'SystemRoot' => 'C:\\Windows'
    'TEMP' => 'C:\\Users\\user\\AppData\\Local\\Temp'
    'TMP' => 'C:\\Users\\user\\AppData\\Local\\Temp'
    'USERDOMAIN' => 'KDMYTRUK'
    'USERNAME' => 'user'
    'USERPROFILE' => 'C:\\Users\\user'
    'VBOX_INSTALL_PATH' => 'C:\\Program Files\\Oracle\\VirtualBox\\'
    'windir' => 'C:\\Windows'
    'YII_PATH' => 'W:\\domains\\localhost\\YII2\\'
    'PHP_SELF' => 'W:\\domains\\localhost\\YII2\\yii'
    'SCRIPT_NAME' => 'W:\\domains\\localhost\\YII2\\yii'
    'SCRIPT_FILENAME' => 'W:\\domains\\localhost\\YII2\\yii'
    'PATH_TRANSLATED' => 'W:\\domains\\localhost\\YII2\\yii'
    'DOCUMENT_ROOT' => ''
    'REQUEST_TIME_FLOAT' => 1428418158.334
    'REQUEST_TIME' => 1428418158
    'argv' => [
        0 => 'W:\\domains\\localhost\\YII2\\yii'
        1 => 'migrate'
    ]
    'argc' => 2
]
